2024-08-26T16:21:37.092+05:30  INFO 12552 --- [jobmodule] [File Watcher] rtingClassPathChangeChangedEventListener : Restarting due to 1 class path change (0 additions, 0 deletions, 1 modification)
2024-08-26T16:21:37.094+05:30  INFO 12552 --- [jobmodule] [Thread-25] o.s.c.n.e.s.EurekaServiceRegistry        : Unregistering application JOBMODULE with eureka with status DOWN
2024-08-26T16:21:37.094+05:30  INFO 12552 --- [jobmodule] [Thread-25] com.netflix.discovery.DiscoveryClient    : Saw local status change event StatusChangeEvent [timestamp=1724669497094, current=DOWN, previous=UP]
2024-08-26T16:21:37.095+05:30  INFO 12552 --- [jobmodule] [DiscoveryClient-InstanceInfoReplicator-%d] com.netflix.discovery.DiscoveryClient    : DiscoveryClient_JOBMODULE/OMEN:jobmodule:8085: registering service...
2024-08-26T16:21:37.101+05:30  INFO 12552 --- [jobmodule] [DiscoveryClient-InstanceInfoReplicator-%d] com.netflix.discovery.DiscoveryClient    : DiscoveryClient_JOBMODULE/OMEN:jobmodule:8085 - registration status: 204
2024-08-26T16:21:37.240+05:30  INFO 12552 --- [jobmodule] [Thread-25] j.LocalContainerEntityManagerFactoryBean : Closing JPA EntityManagerFactory for persistence unit 'default'
2024-08-26T16:21:37.240+05:30  INFO 12552 --- [jobmodule] [Thread-25] com.zaxxer.hikari.HikariDataSource       : HikariPool-5 - Shutdown initiated...
2024-08-26T16:21:37.244+05:30  INFO 12552 --- [jobmodule] [Thread-25] com.zaxxer.hikari.HikariDataSource       : HikariPool-5 - Shutdown completed.
2024-08-26T16:21:37.245+05:30  INFO 12552 --- [jobmodule] [Thread-25] com.netflix.discovery.DiscoveryClient    : Shutting down DiscoveryClient ...
2024-08-26T16:21:40.252+05:30  INFO 12552 --- [jobmodule] [Thread-25] com.netflix.discovery.DiscoveryClient    : Unregistering ...
2024-08-26T16:21:40.256+05:30  INFO 12552 --- [jobmodule] [Thread-25] com.netflix.discovery.DiscoveryClient    : DiscoveryClient_JOBMODULE/OMEN:jobmodule:8085 - deregister  status: 200
2024-08-26T16:21:40.257+05:30  INFO 12552 --- [jobmodule] [Thread-25] com.netflix.discovery.DiscoveryClient    : Completed shut down of DiscoveryClient
2024-08-26T16:21:40.961+05:30  INFO 12552 --- [jobmodule] [restartedMain] .s.d.r.c.RepositoryConfigurationDelegate : Bootstrapping Spring Data JPA repositories in DEFAULT mode.
2024-08-26T16:21:40.973+05:30  INFO 12552 --- [jobmodule] [restartedMain] .s.d.r.c.RepositoryConfigurationDelegate : Finished Spring Data repository scanning in 11 ms. Found 1 JPA repository interface.
2024-08-26T16:21:41.056+05:30  INFO 12552 --- [jobmodule] [restartedMain] o.s.cloud.context.scope.GenericScope     : BeanFactory id=dcde960d-db8d-34ed-9a6e-ac95536a16ab
2024-08-26T16:21:41.080+05:30  WARN 12552 --- [jobmodule] [restartedMain] trationDelegate$BeanPostProcessorChecker : Bean 'org.springframework.cloud.client.loadbalancer.LoadBalancerAutoConfiguration$DeferringLoadBalancerInterceptorConfig' of type [org.springframework.cloud.client.loadbalancer.LoadBalancerAutoConfiguration$DeferringLoadBalancerInterceptorConfig] is not eligible for getting processed by all BeanPostProcessors (for example: not eligible for auto-proxying). The currently created BeanPostProcessor [lbRestClientPostProcessor] is declared through a non-static factory method on that class; consider declaring it as static instead.
2024-08-26T16:21:41.082+05:30  WARN 12552 --- [jobmodule] [restartedMain] trationDelegate$BeanPostProcessorChecker : Bean 'deferringLoadBalancerInterceptor' of type [org.springframework.cloud.client.loadbalancer.DeferringLoadBalancerInterceptor] is not eligible for getting processed by all BeanPostProcessors (for example: not eligible for auto-proxying). Is this bean getting eagerly injected into a currently created BeanPostProcessor [lbRestClientPostProcessor]? Check the corresponding BeanPostProcessor declaration and its dependencies.
2024-08-26T16:21:41.142+05:30  INFO 12552 --- [jobmodule] [restartedMain] o.s.b.w.embedded.tomcat.TomcatWebServer  : Tomcat initialized with port 8085 (http)
2024-08-26T16:21:41.142+05:30  INFO 12552 --- [jobmodule] [restartedMain] o.apache.catalina.core.StandardService   : Starting service [Tomcat]
2024-08-26T16:21:41.143+05:30  INFO 12552 --- [jobmodule] [restartedMain] o.apache.catalina.core.StandardEngine    : Starting Servlet engine: [Apache Tomcat/10.1.26]
2024-08-26T16:21:41.205+05:30  INFO 12552 --- [jobmodule] [restartedMain] o.a.c.c.C.[Tomcat].[localhost].[/app1]   : Initializing Spring embedded WebApplicationContext
2024-08-26T16:21:41.206+05:30  INFO 12552 --- [jobmodule] [restartedMain] w.s.c.ServletWebServerApplicationContext : Root WebApplicationContext: initialization completed in 537 ms
2024-08-26T16:21:41.239+05:30  INFO 12552 --- [jobmodule] [restartedMain] o.hibernate.jpa.internal.util.LogHelper  : HHH000204: Processing PersistenceUnitInfo [name: default]
2024-08-26T16:21:41.242+05:30  INFO 12552 --- [jobmodule] [restartedMain] o.h.c.internal.RegionFactoryInitiator    : HHH000026: Second-level cache disabled
2024-08-26T16:21:41.255+05:30  INFO 12552 --- [jobmodule] [restartedMain] o.s.o.j.p.SpringPersistenceUnitInfo      : No LoadTimeWeaver setup: ignoring JPA class transformer
2024-08-26T16:21:41.256+05:30  INFO 12552 --- [jobmodule] [restartedMain] com.zaxxer.hikari.HikariDataSource       : HikariPool-6 - Starting...
2024-08-26T16:21:41.263+05:30  INFO 12552 --- [jobmodule] [restartedMain] com.zaxxer.hikari.pool.HikariPool        : HikariPool-6 - Added connection com.mysql.cj.jdbc.ConnectionImpl@7d4c27d
2024-08-26T16:21:41.264+05:30  INFO 12552 --- [jobmodule] [restartedMain] com.zaxxer.hikari.HikariDataSource       : HikariPool-6 - Start completed.
2024-08-26T16:21:41.265+05:30  WARN 12552 --- [jobmodule] [restartedMain] org.hibernate.orm.deprecation            : HHH90000025: MySQLDialect does not need to be specified explicitly using 'hibernate.dialect' (remove the property setting and it will be selected by default)
2024-08-26T16:21:41.329+05:30  INFO 12552 --- [jobmodule] [restartedMain] o.h.e.t.j.p.i.JtaPlatformInitiator       : HHH000489: No JTA platform available (set 'hibernate.transaction.jta.platform' to enable JTA platform integration)
2024-08-26T16:21:41.350+05:30  INFO 12552 --- [jobmodule] [restartedMain] j.LocalContainerEntityManagerFactoryBean : Initialized JPA EntityManagerFactory for persistence unit 'default'
2024-08-26T16:21:41.440+05:30  WARN 12552 --- [jobmodule] [restartedMain] JpaBaseConfiguration$JpaWebConfiguration : spring.jpa.open-in-view is enabled by default. Therefore, database queries may be performed during view rendering. Explicitly configure spring.jpa.open-in-view to disable this warning
2024-08-26T16:21:41.587+05:30  WARN 12552 --- [jobmodule] [restartedMain] o.s.b.d.a.OptionalLiveReloadServer       : Unable to start LiveReload server
2024-08-26T16:21:42.152+05:30  INFO 12552 --- [jobmodule] [restartedMain] DiscoveryClientOptionalArgsConfiguration : Eureka HTTP Client uses RestTemplate.
2024-08-26T16:21:42.169+05:30  WARN 12552 --- [jobmodule] [restartedMain] iguration$LoadBalancerCaffeineWarnLogger : Spring Cloud LoadBalancer is currently working with the default cache. While this cache implementation is useful for development and tests, it's recommended to use Caffeine cache in production.You can switch to using Caffeine cache, by adding it and org.springframework.cache.caffeine.CaffeineCacheManager to the classpath.
2024-08-26T16:21:42.177+05:30  INFO 12552 --- [jobmodule] [restartedMain] o.s.c.n.eureka.InstanceInfoFactory       : Setting initial instance status as: STARTING
2024-08-26T16:21:42.181+05:30  INFO 12552 --- [jobmodule] [restartedMain] com.netflix.discovery.DiscoveryClient    : Initializing Eureka in region us-east-1
2024-08-26T16:21:42.181+05:30  INFO 12552 --- [jobmodule] [restartedMain] c.n.d.s.r.aws.ConfigClusterResolver      : Resolving eureka endpoints via configuration
2024-08-26T16:21:42.182+05:30  INFO 12552 --- [jobmodule] [restartedMain] com.netflix.discovery.DiscoveryClient    : Disable delta property : false
2024-08-26T16:21:42.182+05:30  INFO 12552 --- [jobmodule] [restartedMain] com.netflix.discovery.DiscoveryClient    : Single vip registry refresh property : null
2024-08-26T16:21:42.182+05:30  INFO 12552 --- [jobmodule] [restartedMain] com.netflix.discovery.DiscoveryClient    : Force full registry fetch : false
2024-08-26T16:21:42.182+05:30  INFO 12552 --- [jobmodule] [restartedMain] com.netflix.discovery.DiscoveryClient    : Application is null : false
2024-08-26T16:21:42.182+05:30  INFO 12552 --- [jobmodule] [restartedMain] com.netflix.discovery.DiscoveryClient    : Registered Applications size is zero : true
2024-08-26T16:21:42.182+05:30  INFO 12552 --- [jobmodule] [restartedMain] com.netflix.discovery.DiscoveryClient    : Application version is -1: true
2024-08-26T16:21:42.182+05:30  INFO 12552 --- [jobmodule] [restartedMain] com.netflix.discovery.DiscoveryClient    : Getting all instance registry info from the eureka server
2024-08-26T16:21:42.213+05:30  INFO 12552 --- [jobmodule] [restartedMain] com.netflix.discovery.DiscoveryClient    : The response status is 200
2024-08-26T16:21:42.213+05:30  INFO 12552 --- [jobmodule] [restartedMain] com.netflix.discovery.DiscoveryClient    : Starting heartbeat executor: renew interval is: 30
2024-08-26T16:21:42.214+05:30  INFO 12552 --- [jobmodule] [restartedMain] c.n.discovery.InstanceInfoReplicator     : InstanceInfoReplicator onDemand update allowed rate per min is 4
2024-08-26T16:21:42.214+05:30  INFO 12552 --- [jobmodule] [restartedMain] com.netflix.discovery.DiscoveryClient    : Discovery Client initialized at timestamp 1724669502214 with initial instances count: 3
2024-08-26T16:21:42.216+05:30  INFO 12552 --- [jobmodule] [restartedMain] o.s.c.n.e.s.EurekaServiceRegistry        : Registering application JOBMODULE with eureka with status UP
2024-08-26T16:21:42.216+05:30  INFO 12552 --- [jobmodule] [restartedMain] com.netflix.discovery.DiscoveryClient    : Saw local status change event StatusChangeEvent [timestamp=1724669502216, current=UP, previous=STARTING]
2024-08-26T16:21:42.216+05:30  INFO 12552 --- [jobmodule] [DiscoveryClient-InstanceInfoReplicator-%d] com.netflix.discovery.DiscoveryClient    : DiscoveryClient_JOBMODULE/OMEN:jobmodule:8085: registering service...
2024-08-26T16:21:42.224+05:30  INFO 12552 --- [jobmodule] [restartedMain] o.s.b.w.embedded.tomcat.TomcatWebServer  : Tomcat started on port 8085 (http) with context path '/app1'
2024-08-26T16:21:42.225+05:30  INFO 12552 --- [jobmodule] [restartedMain] .s.c.n.e.s.EurekaAutoServiceRegistration : Updating port to 8085
2024-08-26T16:21:42.232+05:30  INFO 12552 --- [jobmodule] [DiscoveryClient-InstanceInfoReplicator-%d] com.netflix.discovery.DiscoveryClient    : DiscoveryClient_JOBMODULE/OMEN:jobmodule:8085 - registration status: 204
2024-08-26T16:21:42.482+05:30  INFO 12552 --- [jobmodule] [restartedMain] .ConditionEvaluationDeltaLoggingListener : Condition evaluation unchanged
2024-08-26T16:22:03.334+05:30  INFO 12552 --- [jobmodule] [File Watcher] rtingClassPathChangeChangedEventListener : Restarting due to 1 class path change (0 additions, 0 deletions, 1 modification)
2024-08-26T16:22:03.336+05:30  INFO 12552 --- [jobmodule] [Thread-31] o.s.c.n.e.s.EurekaServiceRegistry        : Unregistering application JOBMODULE with eureka with status DOWN
2024-08-26T16:22:03.336+05:30  INFO 12552 --- [jobmodule] [Thread-31] com.netflix.discovery.DiscoveryClient    : Saw local status change event StatusChangeEvent [timestamp=1724669523336, current=DOWN, previous=UP]
2024-08-26T16:22:03.336+05:30  INFO 12552 --- [jobmodule] [DiscoveryClient-InstanceInfoReplicator-%d] com.netflix.discovery.DiscoveryClient    : DiscoveryClient_JOBMODULE/OMEN:jobmodule:8085: registering service...
2024-08-26T16:22:03.343+05:30  INFO 12552 --- [jobmodule] [DiscoveryClient-InstanceInfoReplicator-%d] com.netflix.discovery.DiscoveryClient    : DiscoveryClient_JOBMODULE/OMEN:jobmodule:8085 - registration status: 204
2024-08-26T16:22:03.498+05:30  INFO 12552 --- [jobmodule] [Thread-31] j.LocalContainerEntityManagerFactoryBean : Closing JPA EntityManagerFactory for persistence unit 'default'
2024-08-26T16:22:03.499+05:30  INFO 12552 --- [jobmodule] [Thread-31] com.zaxxer.hikari.HikariDataSource       : HikariPool-6 - Shutdown initiated...
2024-08-26T16:22:03.503+05:30  INFO 12552 --- [jobmodule] [Thread-31] com.zaxxer.hikari.HikariDataSource       : HikariPool-6 - Shutdown completed.
2024-08-26T16:22:03.503+05:30  INFO 12552 --- [jobmodule] [Thread-31] com.netflix.discovery.DiscoveryClient    : Shutting down DiscoveryClient ...
2024-08-26T16:22:06.511+05:30  INFO 12552 --- [jobmodule] [Thread-31] com.netflix.discovery.DiscoveryClient    : Unregistering ...
2024-08-26T16:22:06.517+05:30  INFO 12552 --- [jobmodule] [Thread-31] com.netflix.discovery.DiscoveryClient    : DiscoveryClient_JOBMODULE/OMEN:jobmodule:8085 - deregister  status: 200
2024-08-26T16:22:06.517+05:30  INFO 12552 --- [jobmodule] [Thread-31] com.netflix.discovery.DiscoveryClient    : Completed shut down of DiscoveryClient
2024-08-26T16:22:06.898+05:30  INFO 12552 --- [jobmodule] [restartedMain] com.job.JobmoduleApplication             : Starting JobmoduleApplication using Java 17.0.7 with PID 12552 (D:\Wipro Capstone Project\JobSeekerApp\jobmodule\jobmodule\target\classes started by HP in D:\Wipro Capstone Project\JobSeekerApp\jobmodule\jobmodule)
2024-08-26T16:22:06.898+05:30  INFO 12552 --- [jobmodule] [restartedMain] com.job.JobmoduleApplication             : No active profile set, falling back to 1 default profile: "default"
2024-08-26T16:22:07.214+05:30  INFO 12552 --- [jobmodule] [restartedMain] .s.d.r.c.RepositoryConfigurationDelegate : Bootstrapping Spring Data JPA repositories in DEFAULT mode.
2024-08-26T16:22:07.225+05:30  INFO 12552 --- [jobmodule] [restartedMain] .s.d.r.c.RepositoryConfigurationDelegate : Finished Spring Data repository scanning in 10 ms. Found 1 JPA repository interface.
2024-08-26T16:22:07.321+05:30  INFO 12552 --- [jobmodule] [restartedMain] o.s.cloud.context.scope.GenericScope     : BeanFactory id=dcde960d-db8d-34ed-9a6e-ac95536a16ab
2024-08-26T16:22:07.342+05:30  WARN 12552 --- [jobmodule] [restartedMain] trationDelegate$BeanPostProcessorChecker : Bean 'org.springframework.cloud.client.loadbalancer.LoadBalancerAutoConfiguration$DeferringLoadBalancerInterceptorConfig' of type [org.springframework.cloud.client.loadbalancer.LoadBalancerAutoConfiguration$DeferringLoadBalancerInterceptorConfig] is not eligible for getting processed by all BeanPostProcessors (for example: not eligible for auto-proxying). The currently created BeanPostProcessor [lbRestClientPostProcessor] is declared through a non-static factory method on that class; consider declaring it as static instead.
2024-08-26T16:22:07.343+05:30  WARN 12552 --- [jobmodule] [restartedMain] trationDelegate$BeanPostProcessorChecker : Bean 'deferringLoadBalancerInterceptor' of type [org.springframework.cloud.client.loadbalancer.DeferringLoadBalancerInterceptor] is not eligible for getting processed by all BeanPostProcessors (for example: not eligible for auto-proxying). Is this bean getting eagerly injected into a currently created BeanPostProcessor [lbRestClientPostProcessor]? Check the corresponding BeanPostProcessor declaration and its dependencies.
2024-08-26T16:22:07.412+05:30  INFO 12552 --- [jobmodule] [restartedMain] o.s.b.w.embedded.tomcat.TomcatWebServer  : Tomcat initialized with port 8085 (http)
2024-08-26T16:22:07.413+05:30  INFO 12552 --- [jobmodule] [restartedMain] o.apache.catalina.core.StandardService   : Starting service [Tomcat]
2024-08-26T16:22:07.413+05:30  INFO 12552 --- [jobmodule] [restartedMain] o.apache.catalina.core.StandardEngine    : Starting Servlet engine: [Apache Tomcat/10.1.26]
2024-08-26T16:22:07.474+05:30  INFO 12552 --- [jobmodule] [restartedMain] o.a.c.c.C.[Tomcat].[localhost].[/app1]   : Initializing Spring embedded WebApplicationContext
2024-08-26T16:22:07.474+05:30  INFO 12552 --- [jobmodule] [restartedMain] w.s.c.ServletWebServerApplicationContext : Root WebApplicationContext: initialization completed in 573 ms
2024-08-26T16:22:07.508+05:30  INFO 12552 --- [jobmodule] [restartedMain] o.hibernate.jpa.internal.util.LogHelper  : HHH000204: Processing PersistenceUnitInfo [name: default]
2024-08-26T16:22:07.512+05:30  INFO 12552 --- [jobmodule] [restartedMain] o.h.c.internal.RegionFactoryInitiator    : HHH000026: Second-level cache disabled
2024-08-26T16:22:07.523+05:30  INFO 12552 --- [jobmodule] [restartedMain] o.s.o.j.p.SpringPersistenceUnitInfo      : No LoadTimeWeaver setup: ignoring JPA class transformer
2024-08-26T16:22:07.523+05:30  INFO 12552 --- [jobmodule] [restartedMain] com.zaxxer.hikari.HikariDataSource       : HikariPool-7 - Starting...
2024-08-26T16:22:07.532+05:30  INFO 12552 --- [jobmodule] [restartedMain] com.zaxxer.hikari.pool.HikariPool        : HikariPool-7 - Added connection com.mysql.cj.jdbc.ConnectionImpl@4175a9f2
2024-08-26T16:22:07.532+05:30  INFO 12552 --- [jobmodule] [restartedMain] com.zaxxer.hikari.HikariDataSource       : HikariPool-7 - Start completed.
2024-08-26T16:22:07.533+05:30  WARN 12552 --- [jobmodule] [restartedMain] org.hibernate.orm.deprecation            : HHH90000025: MySQLDialect does not need to be specified explicitly using 'hibernate.dialect' (remove the property setting and it will be selected by default)
2024-08-26T16:22:07.602+05:30  INFO 12552 --- [jobmodule] [restartedMain] o.h.e.t.j.p.i.JtaPlatformInitiator       : HHH000489: No JTA platform available (set 'hibernate.transaction.jta.platform' to enable JTA platform integration)
2024-08-26T16:22:07.617+05:30  INFO 12552 --- [jobmodule] [restartedMain] j.LocalContainerEntityManagerFactoryBean : Initialized JPA EntityManagerFactory for persistence unit 'default'
2024-08-26T16:22:07.714+05:30  WARN 12552 --- [jobmodule] [restartedMain] JpaBaseConfiguration$JpaWebConfiguration : spring.jpa.open-in-view is enabled by default. Therefore, database queries may be performed during view rendering. Explicitly configure spring.jpa.open-in-view to disable this warning
2024-08-26T16:22:07.847+05:30  WARN 12552 --- [jobmodule] [restartedMain] o.s.b.d.a.OptionalLiveReloadServer       : Unable to start LiveReload server
2024-08-26T16:22:08.602+05:30  INFO 12552 --- [jobmodule] [restartedMain] DiscoveryClientOptionalArgsConfiguration : Eureka HTTP Client uses RestTemplate.
2024-08-26T16:22:08.620+05:30  WARN 12552 --- [jobmodule] [restartedMain] iguration$LoadBalancerCaffeineWarnLogger : Spring Cloud LoadBalancer is currently working with the default cache. While this cache implementation is useful for development and tests, it's recommended to use Caffeine cache in production.You can switch to using Caffeine cache, by adding it and org.springframework.cache.caffeine.CaffeineCacheManager to the classpath.
2024-08-26T16:22:08.633+05:30  INFO 12552 --- [jobmodule] [restartedMain] o.s.c.n.eureka.InstanceInfoFactory       : Setting initial instance status as: STARTING
2024-08-26T16:22:08.635+05:30  INFO 12552 --- [jobmodule] [restartedMain] com.netflix.discovery.DiscoveryClient    : Initializing Eureka in region us-east-1
2024-08-26T16:22:08.635+05:30  INFO 12552 --- [jobmodule] [restartedMain] c.n.d.s.r.aws.ConfigClusterResolver      : Resolving eureka endpoints via configuration
2024-08-26T16:22:08.635+05:30  INFO 12552 --- [jobmodule] [restartedMain] com.netflix.discovery.DiscoveryClient    : Disable delta property : false
2024-08-26T16:22:08.635+05:30  INFO 12552 --- [jobmodule] [restartedMain] com.netflix.discovery.DiscoveryClient    : Single vip registry refresh property : null
2024-08-26T16:22:08.635+05:30  INFO 12552 --- [jobmodule] [restartedMain] com.netflix.discovery.DiscoveryClient    : Force full registry fetch : false
2024-08-26T16:22:08.635+05:30  INFO 12552 --- [jobmodule] [restartedMain] com.netflix.discovery.DiscoveryClient    : Application is null : false
2024-08-26T16:22:08.635+05:30  INFO 12552 --- [jobmodule] [restartedMain] com.netflix.discovery.DiscoveryClient    : Registered Applications size is zero : true
2024-08-26T16:22:08.635+05:30  INFO 12552 --- [jobmodule] [restartedMain] com.netflix.discovery.DiscoveryClient    : Application version is -1: true
2024-08-26T16:22:08.636+05:30  INFO 12552 --- [jobmodule] [restartedMain] com.netflix.discovery.DiscoveryClient    : Getting all instance registry info from the eureka server
2024-08-26T16:22:08.674+05:30  INFO 12552 --- [jobmodule] [restartedMain] com.netflix.discovery.DiscoveryClient    : The response status is 200
2024-08-26T16:22:08.675+05:30  INFO 12552 --- [jobmodule] [restartedMain] com.netflix.discovery.DiscoveryClient    : Starting heartbeat executor: renew interval is: 30
2024-08-26T16:22:08.675+05:30  INFO 12552 --- [jobmodule] [restartedMain] c.n.discovery.InstanceInfoReplicator     : InstanceInfoReplicator onDemand update allowed rate per min is 4
2024-08-26T16:22:08.677+05:30  INFO 12552 --- [jobmodule] [restartedMain] com.netflix.discovery.DiscoveryClient    : Discovery Client initialized at timestamp 1724669528677 with initial instances count: 3
2024-08-26T16:22:08.678+05:30  INFO 12552 --- [jobmodule] [restartedMain] o.s.c.n.e.s.EurekaServiceRegistry        : Registering application JOBMODULE with eureka with status UP
2024-08-26T16:22:08.679+05:30  INFO 12552 --- [jobmodule] [restartedMain] com.netflix.discovery.DiscoveryClient    : Saw local status change event StatusChangeEvent [timestamp=1724669528679, current=UP, previous=STARTING]
2024-08-26T16:22:08.679+05:30  INFO 12552 --- [jobmodule] [DiscoveryClient-InstanceInfoReplicator-%d] com.netflix.discovery.DiscoveryClient    : DiscoveryClient_JOBMODULE/OMEN:jobmodule:8085: registering service...
2024-08-26T16:22:08.685+05:30  INFO 12552 --- [jobmodule] [restartedMain] o.s.b.w.embedded.tomcat.TomcatWebServer  : Tomcat started on port 8085 (http) with context path '/app1'
2024-08-26T16:22:08.687+05:30  INFO 12552 --- [jobmodule] [restartedMain] .s.c.n.e.s.EurekaAutoServiceRegistration : Updating port to 8085
2024-08-26T16:22:08.695+05:30  INFO 12552 --- [jobmodule] [DiscoveryClient-InstanceInfoReplicator-%d] com.netflix.discovery.DiscoveryClient    : DiscoveryClient_JOBMODULE/OMEN:jobmodule:8085 - registration status: 204
2024-08-26T16:22:08.993+05:30  INFO 12552 --- [jobmodule] [restartedMain] com.job.JobmoduleApplication             : Started JobmoduleApplication in 2.382 seconds (process running for 14917.033)
2024-08-26T16:22:08.994+05:30  INFO 12552 --- [jobmodule] [restartedMain] .ConditionEvaluationDeltaLoggingListener : Condition evaluation unchanged
